Performing C SOURCE FILE Test CMAKE_HAVE_LIBC_PTHREAD failed with the following output:
Change Dir: /home/ticoy/robotica-javi-nieto/chocachoca/CMakeFiles/CMakeTmp

Run Build Command(s):/usr/bin/make cmTC_dbea1/fast && /usr/bin/make -f CMakeFiles/cmTC_dbea1.dir/build.make CMakeFiles/cmTC_dbea1.dir/build
make[1]: se entra en el directorio '/home/ticoy/robotica-javi-nieto/chocachoca/CMakeFiles/CMakeTmp'
Building C object CMakeFiles/cmTC_dbea1.dir/src.c.o
/usr/bin/cc   -DCMAKE_HAVE_LIBC_PTHREAD   -o CMakeFiles/cmTC_dbea1.dir/src.c.o   -c /home/ticoy/robotica-javi-nieto/chocachoca/CMakeFiles/CMakeTmp/src.c
Linking C executable cmTC_dbea1
/usr/bin/cmake -E cmake_link_script CMakeFiles/cmTC_dbea1.dir/link.txt --verbose=1
/usr/bin/cc  -DCMAKE_HAVE_LIBC_PTHREAD    -rdynamic CMakeFiles/cmTC_dbea1.dir/src.c.o  -o cmTC_dbea1 
/usr/bin/ld: CMakeFiles/cmTC_dbea1.dir/src.c.o: en la función `main':
src.c:(.text+0x46): referencia a `pthread_create' sin definir
/usr/bin/ld: src.c:(.text+0x52): referencia a `pthread_detach' sin definir
/usr/bin/ld: src.c:(.text+0x63): referencia a `pthread_join' sin definir
collect2: error: ld returned 1 exit status
make[1]: *** [CMakeFiles/cmTC_dbea1.dir/build.make:87: cmTC_dbea1] Error 1
make[1]: se sale del directorio '/home/ticoy/robotica-javi-nieto/chocachoca/CMakeFiles/CMakeTmp'
make: *** [Makefile:121: cmTC_dbea1/fast] Error 2


Source file was:
#include <pthread.h>

void* test_func(void* data)
{
  return data;
}

int main(void)
{
  pthread_t thread;
  pthread_create(&thread, NULL, test_func, NULL);
  pthread_detach(thread);
  pthread_join(thread, NULL);
  pthread_atfork(NULL, NULL, NULL);
  pthread_exit(NULL);

  return 0;
}

Determining if the function pthread_create exists in the pthreads failed with the following output:
Change Dir: /home/ticoy/robotica-javi-nieto/chocachoca/CMakeFiles/CMakeTmp

Run Build Command(s):/usr/bin/make cmTC_16389/fast && /usr/bin/make -f CMakeFiles/cmTC_16389.dir/build.make CMakeFiles/cmTC_16389.dir/build
make[1]: se entra en el directorio '/home/ticoy/robotica-javi-nieto/chocachoca/CMakeFiles/CMakeTmp'
Building C object CMakeFiles/cmTC_16389.dir/CheckFunctionExists.c.o
/usr/bin/cc   -DCHECK_FUNCTION_EXISTS=pthread_create   -o CMakeFiles/cmTC_16389.dir/CheckFunctionExists.c.o   -c /usr/share/cmake-3.16/Modules/CheckFunctionExists.c
Linking C executable cmTC_16389
/usr/bin/cmake -E cmake_link_script CMakeFiles/cmTC_16389.dir/link.txt --verbose=1
/usr/bin/cc  -DCHECK_FUNCTION_EXISTS=pthread_create    -rdynamic CMakeFiles/cmTC_16389.dir/CheckFunctionExists.c.o  -o cmTC_16389  -lpthreads 
/usr/bin/ld: no se puede encontrar -lpthreads
collect2: error: ld returned 1 exit status
make[1]: *** [CMakeFiles/cmTC_16389.dir/build.make:87: cmTC_16389] Error 1
make[1]: se sale del directorio '/home/ticoy/robotica-javi-nieto/chocachoca/CMakeFiles/CMakeTmp'
make: *** [Makefile:121: cmTC_16389/fast] Error 2



Performing C SOURCE FILE Test CMAKE_HAVE_LIBC_PTHREAD failed with the following output:
Change Dir: /home/ticoy/Escritorio/robotica-javi-nieto/chocachoca/CMakeFiles/CMakeTmp

Run Build Command(s):/usr/bin/make cmTC_2e2b3/fast && /usr/bin/make -f CMakeFiles/cmTC_2e2b3.dir/build.make CMakeFiles/cmTC_2e2b3.dir/build
make[1]: se entra en el directorio '/home/ticoy/Escritorio/robotica-javi-nieto/chocachoca/CMakeFiles/CMakeTmp'
Building C object CMakeFiles/cmTC_2e2b3.dir/src.c.o
/usr/bin/cc   -DCMAKE_HAVE_LIBC_PTHREAD   -o CMakeFiles/cmTC_2e2b3.dir/src.c.o   -c /home/ticoy/Escritorio/robotica-javi-nieto/chocachoca/CMakeFiles/CMakeTmp/src.c
Linking C executable cmTC_2e2b3
/usr/bin/cmake -E cmake_link_script CMakeFiles/cmTC_2e2b3.dir/link.txt --verbose=1
/usr/bin/cc  -DCMAKE_HAVE_LIBC_PTHREAD    -rdynamic CMakeFiles/cmTC_2e2b3.dir/src.c.o  -o cmTC_2e2b3 
/usr/bin/ld: CMakeFiles/cmTC_2e2b3.dir/src.c.o: en la función `main':
src.c:(.text+0x46): referencia a `pthread_create' sin definir
/usr/bin/ld: src.c:(.text+0x52): referencia a `pthread_detach' sin definir
/usr/bin/ld: src.c:(.text+0x63): referencia a `pthread_join' sin definir
collect2: error: ld returned 1 exit status
make[1]: *** [CMakeFiles/cmTC_2e2b3.dir/build.make:87: cmTC_2e2b3] Error 1
make[1]: se sale del directorio '/home/ticoy/Escritorio/robotica-javi-nieto/chocachoca/CMakeFiles/CMakeTmp'
make: *** [Makefile:121: cmTC_2e2b3/fast] Error 2


Source file was:
#include <pthread.h>

void* test_func(void* data)
{
  return data;
}

int main(void)
{
  pthread_t thread;
  pthread_create(&thread, NULL, test_func, NULL);
  pthread_detach(thread);
  pthread_join(thread, NULL);
  pthread_atfork(NULL, NULL, NULL);
  pthread_exit(NULL);

  return 0;
}

Determining if the function pthread_create exists in the pthreads failed with the following output:
Change Dir: /home/ticoy/Escritorio/robotica-javi-nieto/chocachoca/CMakeFiles/CMakeTmp

Run Build Command(s):/usr/bin/make cmTC_2c821/fast && /usr/bin/make -f CMakeFiles/cmTC_2c821.dir/build.make CMakeFiles/cmTC_2c821.dir/build
make[1]: se entra en el directorio '/home/ticoy/Escritorio/robotica-javi-nieto/chocachoca/CMakeFiles/CMakeTmp'
Building C object CMakeFiles/cmTC_2c821.dir/CheckFunctionExists.c.o
/usr/bin/cc   -DCHECK_FUNCTION_EXISTS=pthread_create   -o CMakeFiles/cmTC_2c821.dir/CheckFunctionExists.c.o   -c /usr/share/cmake-3.16/Modules/CheckFunctionExists.c
Linking C executable cmTC_2c821
/usr/bin/cmake -E cmake_link_script CMakeFiles/cmTC_2c821.dir/link.txt --verbose=1
/usr/bin/cc  -DCHECK_FUNCTION_EXISTS=pthread_create    -rdynamic CMakeFiles/cmTC_2c821.dir/CheckFunctionExists.c.o  -o cmTC_2c821  -lpthreads 
/usr/bin/ld: no se puede encontrar -lpthreads
collect2: error: ld returned 1 exit status
make[1]: *** [CMakeFiles/cmTC_2c821.dir/build.make:87: cmTC_2c821] Error 1
make[1]: se sale del directorio '/home/ticoy/Escritorio/robotica-javi-nieto/chocachoca/CMakeFiles/CMakeTmp'
make: *** [Makefile:121: cmTC_2c821/fast] Error 2



